14:16:06.647  INFO  manager.ApplicationManager - All tests run in Chrome Browser
14:16:10.939  INFO  manager.ApplicationManager - Current URL https://ilcarro-1578153671498.web.app/search
14:16:11.016  INFO  tests.BaseTest - Start test with name --->searchCurrentMonth
14:16:11.018  INFO  manager.MyListener - WebDriver start find element -->By.id: city
14:16:11.364  INFO  manager.MyListener - WebDriver start find element -->By.cssSelector: .pac-item
14:16:12.505  INFO  manager.MyListener - WebDriver start find element -->By.id: dates
14:16:12.643  INFO  manager.MyListener - WebDriver start find element -->By.id: dates
14:16:12.702  INFO  manager.MyListener - WebDriver start find element -->By.id: dates
14:16:13.286  INFO  manager.MyListener - WebDriver start find element -->By.id: dates
14:16:13.560  INFO  manager.MyListener - WebDriver start find element -->By.cssSelector: .add_form__2rsm2 button
14:16:21.816  INFO  manager.MyListener - The name of method with error -->findElement
14:16:21.838  INFO  manager.MyListener - We have a problem ---> org.openqa.selenium.NoSuchElementException: Unable to find element with locator By.cssSelector: .add_form__2rsm2 button
For documentation on this error, please visit: https://selenium.dev/exceptions/#no_such_element
Build info: version: '4.2.2', revision: '683ccb65d6'
System info: host: 'Elenas-MacBook-Air.local', ip: 'fe80:0:0:0:42a:9cab:327d:2422%en0', os.name: 'Mac OS X', os.arch: 'x86_64', os.version: '12.4', java.version: '11.0.15.1'
Driver info: driver.version: unknown
14:16:21.872  INFO  manager.MyListener - WebDriver start find element -->By.cssSelector: .logo
14:16:21.915  INFO  manager.MyListener - The name of method with error -->findElement
14:16:21.931  INFO  manager.MyListener - We have a problem ---> org.openqa.selenium.NoSuchWindowException: no such window: target window already closed
from unknown error: web view not found
  (Session info: chrome=100.0.4896.75)
Build info: version: '4.2.2', revision: '683ccb65d6'
System info: host: 'Elenas-MacBook-Air.local', ip: 'fe80:0:0:0:42a:9cab:327d:2422%en0', os.name: 'Mac OS X', os.arch: 'x86_64', os.version: '12.4', java.version: '11.0.15.1'
Driver info: org.openqa.selenium.chrome.ChromeDriver
Command: [2b03bb89ebc90426277f0ef5994d560b, findElement {using=css selector, value=.logo}]
Capabilities {acceptInsecureCerts: false, browserName: chrome, browserVersion: 100.0.4896.75, chrome: {chromedriverVersion: 100.0.4896.60 (6a5d10861ce8..., userDataDir: /var/folders/ml/_zfjgb895b7...}, goog:chromeOptions: {debuggerAddress: localhost:63015}, networkConnectionEnabled: false, pageLoadStrategy: normal, platformName: MAC, proxy: Proxy(), se:cdp: ws://localhost:63015/devtoo..., se:cdpVersion: 100.0.4896.75, setWindowRect: true, strictFileInteractability: false, timeouts: {implicit: 0, pageLoad: 300000, script: 30000}, unhandledPromptBehavior: dismiss and notify, webauthn:extension:credBlob: true, webauthn:extension:largeBlob: true, webauthn:virtualAuthenticators: true}
Session ID: 2b03bb89ebc90426277f0ef5994d560b
