15:14:14.788  INFO  manager.ApplicationManager - All tests run in Chrome Browser
15:14:17.271  INFO  manager.ApplicationManager - Current URL https://ilcarro-1578153671498.web.app/search
15:14:17.364  INFO  tests.BaseTest - Start test with name --->searchPeriodPast
15:14:17.368  INFO  manager.MyListener - WebDriver start find element -->By.id: city
15:14:17.740  INFO  manager.MyListener - WebDriver start find element -->By.cssSelector: .pac-item
15:14:18.784  INFO  manager.MyListener - WebDriver start find element -->By.id: dates
15:14:18.879  INFO  manager.MyListener - WebDriver start find element -->By.id: dates
15:14:19.017  INFO  manager.MyListener - WebDriver start find element -->By.id: dates
15:14:20.426  INFO  manager.MyListener - WebDriver start find element -->By.cssSelector: [type='submit']
15:14:20.591  INFO  manager.MyListener - WebDriver start find element -->By.xpath: //div[@class='ng-star-inserted']
15:14:26.786  INFO  manager.MyListener - The name of method with error -->findElement
15:14:26.808  INFO  manager.MyListener - We have a problem ---> org.openqa.selenium.NoSuchElementException: Unable to find element with locator By.xpath: //div[@class='ng-star-inserted']
For documentation on this error, please visit: https://selenium.dev/exceptions/#no_such_element
Build info: version: '4.2.2', revision: '683ccb65d6'
System info: host: 'Elenas-MacBook-Air.local', ip: 'fe80:0:0:0:42f:2e40:b7d0:ab91%en0', os.name: 'Mac OS X', os.arch: 'x86_64', os.version: '12.4', java.version: '11.0.15.1'
Driver info: driver.version: unknown
15:14:26.840  INFO  manager.MyListener - WebDriver start find element -->By.cssSelector: .logo
15:14:26.879  INFO  manager.MyListener - The name of method with error -->findElement
15:14:26.889  INFO  manager.MyListener - We have a problem ---> org.openqa.selenium.NoSuchWindowException: no such window: target window already closed
from unknown error: web view not found
  (Session info: chrome=100.0.4896.75)
Build info: version: '4.2.2', revision: '683ccb65d6'
System info: host: 'Elenas-MacBook-Air.local', ip: 'fe80:0:0:0:42f:2e40:b7d0:ab91%en0', os.name: 'Mac OS X', os.arch: 'x86_64', os.version: '12.4', java.version: '11.0.15.1'
Driver info: org.openqa.selenium.chrome.ChromeDriver
Command: [52f37ece6b78770efc42254b8a1db54a, findElement {using=css selector, value=.logo}]
Capabilities {acceptInsecureCerts: false, browserName: chrome, browserVersion: 100.0.4896.75, chrome: {chromedriverVersion: 100.0.4896.60 (6a5d10861ce8..., userDataDir: /var/folders/ml/_zfjgb895b7...}, goog:chromeOptions: {debuggerAddress: localhost:64428}, networkConnectionEnabled: false, pageLoadStrategy: normal, platformName: MAC, proxy: Proxy(), se:cdp: ws://localhost:64428/devtoo..., se:cdpVersion: 100.0.4896.75, setWindowRect: true, strictFileInteractability: false, timeouts: {implicit: 0, pageLoad: 300000, script: 30000}, unhandledPromptBehavior: dismiss and notify, webauthn:extension:credBlob: true, webauthn:extension:largeBlob: true, webauthn:virtualAuthenticators: true}
Session ID: 52f37ece6b78770efc42254b8a1db54a
