22:07:29.716  INFO  manager.ApplicationManager - All tests run in Chrome Browser
22:07:34.179  INFO  manager.ApplicationManager - Current URL https://ilcarro-1578153671498.web.app/search
22:07:34.261  INFO  tests.BaseTest - Start test with name --->searchPeriodPast
22:07:34.264  INFO  manager.MyListener - WebDriver start find element -->By.id: city
22:07:34.609  INFO  manager.MyListener - WebDriver start find element -->By.cssSelector: .pac-item
22:07:35.684  INFO  manager.MyListener - WebDriver start find element -->By.id: dates
22:07:35.910  INFO  manager.MyListener - WebDriver start find element -->By.id: dates
22:07:35.987  INFO  manager.MyListener - WebDriver start find element -->By.id: dates
22:07:36.410  INFO  manager.MyListener - WebDriver start find element -->By.cssSelector: [type='submit']
22:07:36.619  INFO  manager.MyListener - WebDriver start find element -->By.xpath: //div[@class='ng-star-inserted']
22:07:46.383  INFO  manager.MyListener - The name of method with error -->findElement
22:07:46.404  INFO  manager.MyListener - We have a problem ---> org.openqa.selenium.NoSuchElementException: Unable to find element with locator By.xpath: //div[@class='ng-star-inserted']
For documentation on this error, please visit: https://selenium.dev/exceptions/#no_such_element
Build info: version: '4.2.2', revision: '683ccb65d6'
System info: host: 'Elenas-MacBook-Air.local', ip: 'fe80:0:0:0:42a:9cab:327d:2422%en0', os.name: 'Mac OS X', os.arch: 'x86_64', os.version: '12.4', java.version: '11.0.15.1'
Driver info: driver.version: unknown
22:07:46.439  INFO  manager.MyListener - WebDriver start find element -->By.cssSelector: .logo
22:07:46.479  INFO  manager.MyListener - The name of method with error -->findElement
22:07:46.488  INFO  manager.MyListener - We have a problem ---> org.openqa.selenium.NoSuchWindowException: no such window: target window already closed
from unknown error: web view not found
  (Session info: chrome=100.0.4896.75)
Build info: version: '4.2.2', revision: '683ccb65d6'
System info: host: 'Elenas-MacBook-Air.local', ip: 'fe80:0:0:0:42a:9cab:327d:2422%en0', os.name: 'Mac OS X', os.arch: 'x86_64', os.version: '12.4', java.version: '11.0.15.1'
Driver info: org.openqa.selenium.chrome.ChromeDriver
Command: [1ed99626e7b97c70cf49db17a93b7043, findElement {using=css selector, value=.logo}]
Capabilities {acceptInsecureCerts: false, browserName: chrome, browserVersion: 100.0.4896.75, chrome: {chromedriverVersion: 100.0.4896.60 (6a5d10861ce8..., userDataDir: /var/folders/ml/_zfjgb895b7...}, goog:chromeOptions: {debuggerAddress: localhost:61413}, networkConnectionEnabled: false, pageLoadStrategy: normal, platformName: MAC, proxy: Proxy(), se:cdp: ws://localhost:61413/devtoo..., se:cdpVersion: 100.0.4896.75, setWindowRect: true, strictFileInteractability: false, timeouts: {implicit: 0, pageLoad: 300000, script: 30000}, unhandledPromptBehavior: dismiss and notify, webauthn:extension:credBlob: true, webauthn:extension:largeBlob: true, webauthn:virtualAuthenticators: true}
Session ID: 1ed99626e7b97c70cf49db17a93b7043
