14:21:27.148  INFO  manager.ApplicationManager - All tests run in Chrome Browser
14:21:29.392  INFO  manager.ApplicationManager - Current URL https://ilcarro-1578153671498.web.app/search
14:21:29.484  INFO  tests.BaseTest - Start test with name --->searchAnyPeriod
14:21:29.486  INFO  manager.MyListener - WebDriver start find element -->By.id: city
14:21:29.872  INFO  manager.MyListener - WebDriver start find element -->By.cssSelector: .pac-item
14:21:30.920  INFO  manager.MyListener - WebDriver start find element -->By.id: dates
14:21:31.239  INFO  manager.MyListener - WebDriver start find element -->By.xpath: //button[@aria-label='Next month']
14:21:31.427  INFO  manager.MyListener - WebDriver start find element -->By.xpath: //button[@aria-label='Next month']
14:21:31.499  INFO  manager.MyListener - WebDriver start find element -->By.xpath: //button[@aria-label='Next month']
14:21:31.591  INFO  manager.MyListener - WebDriver start find element -->By.xpath: //button[@aria-label='Next month']
14:21:31.712  INFO  manager.MyListener - WebDriver start find element -->By.xpath: //button[@aria-label='Next month']
14:21:31.889  INFO  manager.MyListener - WebDriver start find element -->By.xpath: //button[@aria-label='Next month']
14:21:32.314  INFO  manager.MyListener - WebDriver start find element -->By.xpath: //div[text()=' 10 ']
14:21:33.655  INFO  manager.MyListener - WebDriver start find element -->By.xpath: //button[@aria-label='Next month']
14:21:33.989  INFO  manager.MyListener - WebDriver start find element -->By.xpath: //button[@aria-label='Next month']
14:21:34.067  INFO  manager.MyListener - WebDriver start find element -->By.xpath: //button[@aria-label='Next month']
14:21:34.150  INFO  manager.MyListener - WebDriver start find element -->By.xpath: //button[@aria-label='Next month']
14:21:34.215  INFO  manager.MyListener - WebDriver start find element -->By.xpath: //div[text()=' 25 ']
14:21:34.409  INFO  manager.MyListener - WebDriver start find element -->By.cssSelector: button[type='submit']
14:21:34.474  INFO  manager.MyListener - WebDriver start find element -->By.cssSelector: button[type='submit']
14:21:35.044  INFO  manager.MyListener - New Before find by --> By.cssSelector: .car-img-container.ng-star-inserted
14:21:35.826  INFO  manager.MyListener - WebDriver start find element -->By.cssSelector: .logo
14:21:36.262  INFO  tests.BaseTest - Start test with name --->searchCurrentMonth
14:21:36.264  INFO  manager.MyListener - WebDriver start find element -->By.id: dates
14:21:36.335  INFO  manager.MyListener - WebDriver start find element -->By.id: dates
14:21:36.403  INFO  manager.MyListener - WebDriver start find element -->By.id: city
14:21:36.610  INFO  manager.MyListener - WebDriver start find element -->By.cssSelector: .pac-item
14:21:37.392  INFO  manager.MyListener - WebDriver start find element -->By.id: dates
14:21:37.463  INFO  manager.MyListener - WebDriver start find element -->By.cssSelector: .add_form__2rsm2 button
14:21:45.452  INFO  manager.MyListener - The name of method with error -->findElement
14:21:45.481  INFO  manager.MyListener - We have a problem ---> org.openqa.selenium.NoSuchElementException: Unable to find element with locator By.cssSelector: .add_form__2rsm2 button
For documentation on this error, please visit: https://selenium.dev/exceptions/#no_such_element
Build info: version: '4.2.2', revision: '683ccb65d6'
System info: host: 'Elenas-MacBook-Air.local', ip: 'fe80:0:0:0:42a:9cab:327d:2422%en0', os.name: 'Mac OS X', os.arch: 'x86_64', os.version: '12.4', java.version: '11.0.15.1'
Driver info: driver.version: unknown
14:21:45.497  INFO  manager.MyListener - WebDriver start find element -->By.cssSelector: .logo
14:21:45.546  INFO  manager.MyListener - The name of method with error -->findElement
14:21:45.550  INFO  manager.MyListener - We have a problem ---> org.openqa.selenium.NoSuchWindowException: no such window: target window already closed
from unknown error: web view not found
  (Session info: chrome=100.0.4896.75)
Build info: version: '4.2.2', revision: '683ccb65d6'
System info: host: 'Elenas-MacBook-Air.local', ip: 'fe80:0:0:0:42a:9cab:327d:2422%en0', os.name: 'Mac OS X', os.arch: 'x86_64', os.version: '12.4', java.version: '11.0.15.1'
Driver info: org.openqa.selenium.chrome.ChromeDriver
Command: [69cd66141889025b8b72a4f9accdc050, findElement {using=css selector, value=.logo}]
Capabilities {acceptInsecureCerts: false, browserName: chrome, browserVersion: 100.0.4896.75, chrome: {chromedriverVersion: 100.0.4896.60 (6a5d10861ce8..., userDataDir: /var/folders/ml/_zfjgb895b7...}, goog:chromeOptions: {debuggerAddress: localhost:64354}, networkConnectionEnabled: false, pageLoadStrategy: normal, platformName: MAC, proxy: Proxy(), se:cdp: ws://localhost:64354/devtoo..., se:cdpVersion: 100.0.4896.75, setWindowRect: true, strictFileInteractability: false, timeouts: {implicit: 0, pageLoad: 300000, script: 30000}, unhandledPromptBehavior: dismiss and notify, webauthn:extension:credBlob: true, webauthn:extension:largeBlob: true, webauthn:virtualAuthenticators: true}
Session ID: 69cd66141889025b8b72a4f9accdc050
